<?xml version="1.0" encoding="UTF-8"?>
<testsuite xmlns:xsi="http://www.w3.org/2001/XMLSchema-instance" xsi:noNamespaceSchemaLocation="https://maven.apache.org/surefire/maven-surefire-plugin/xsd/surefire-test-report.xsd" name="fr.lino.layani.lior.LiorApplicationTests" time="16.713" tests="2" errors="0" skipped="0" failures="0">
  <properties>
[...]
</properties>
  <testcase name="addADoctor" classname="fr.lino.layani.lior.LiorApplicationTests" time="0.628"/>
  <testcase name="contextLoads" classname="fr.lino.layani.lior.LiorApplicationTests" time="0.004"/>
</testsuite>